0 info it worked if it ends with ok
1 verbose cli [ '/Users/Johnny/.nvm/versions/node/v4.4.2/bin/node',
1 verbose cli   '/Users/Johnny/.nvm/versions/node/v4.4.2/bin/npm',
1 verbose cli   'start' ]
2 info using npm@3.8.5
3 info using node@v4.4.2
4 verbose run-script [ 'prestart', 'start', 'poststart' ]
5 info lifecycle wedding-website@0.0.0~prestart: wedding-website@0.0.0
6 silly lifecycle wedding-website@0.0.0~prestart: no script for prestart, continuing
7 info lifecycle wedding-website@0.0.0~start: wedding-website@0.0.0
8 verbose lifecycle wedding-website@0.0.0~start: unsafe-perm in lifecycle true
9 verbose lifecycle wedding-website@0.0.0~start: PATH: /Users/Johnny/.nvm/versions/node/v4.4.2/lib/node_modules/npm/bin/node-gyp-bin:/Users/Johnny/Dropbox/wedding-website/node_modules/.bin:/Users/Johnny/.nvm/versions/node/v4.4.2/bin:/Users/Johnny/anaconda/bin:/Users/Johnny/.rvm/gems/ruby-2.1.5/bin:/Users/Johnny/.rvm/gems/ruby-2.1.5@global/bin:/Users/Johnny/.rvm/rubies/ruby-2.1.5/bin:/Users/Johnny/.nvm/versions/node/v4.4.2/bin:/usr/local/share/npm/lib/node_modules/grunt-cli/bin:/usr/local/bin:/usr/bin:/bin:/usr/sbin:/sbin:/usr/local/MacGPG2/bin:/Users/Johnny/.rvm/bin:/Users/Johnny/.rvm/bin
10 verbose lifecycle wedding-website@0.0.0~start: CWD: /Users/Johnny/Dropbox/wedding-website
11 silly lifecycle wedding-website@0.0.0~start: Args: [ '-c', 'node ./bin/www' ]
12 silly lifecycle wedding-website@0.0.0~start: Returned: code: 1  signal: null
13 info lifecycle wedding-website@0.0.0~start: Failed to exec start script
14 verbose stack Error: wedding-website@0.0.0 start: `node ./bin/www`
14 verbose stack Exit status 1
14 verbose stack     at EventEmitter.<anonymous> (/Users/Johnny/.nvm/versions/node/v4.4.2/lib/node_modules/npm/lib/utils/lifecycle.js:239:16)
14 verbose stack     at emitTwo (events.js:87:13)
14 verbose stack     at EventEmitter.emit (events.js:172:7)
14 verbose stack     at ChildProcess.<anonymous> (/Users/Johnny/.nvm/versions/node/v4.4.2/lib/node_modules/npm/lib/utils/spawn.js:24:14)
14 verbose stack     at emitTwo (events.js:87:13)
14 verbose stack     at ChildProcess.emit (events.js:172:7)
14 verbose stack     at maybeClose (internal/child_process.js:827:16)
14 verbose stack     at Process.ChildProcess._handle.onexit (internal/child_process.js:211:5)
15 verbose pkgid wedding-website@0.0.0
16 verbose cwd /Users/Johnny/Dropbox/wedding-website
17 error Darwin 16.6.0
18 error argv "/Users/Johnny/.nvm/versions/node/v4.4.2/bin/node" "/Users/Johnny/.nvm/versions/node/v4.4.2/bin/npm" "start"
19 error node v4.4.2
20 error npm  v3.8.5
21 error code ELIFECYCLE
22 error wedding-website@0.0.0 start: `node ./bin/www`
22 error Exit status 1
23 error Failed at the wedding-website@0.0.0 start script 'node ./bin/www'.
23 error Make sure you have the latest version of node.js and npm installed.
23 error If you do, this is most likely a problem with the wedding-website package,
23 error not with npm itself.
23 error Tell the author that this fails on your system:
23 error     node ./bin/www
23 error You can get information on how to open an issue for this project with:
23 error     npm bugs wedding-website
23 error Or if that isn't available, you can get their info via:
23 error     npm owner ls wedding-website
23 error There is likely additional logging output above.
24 verbose exit [ 1, true ]
